0 info it worked if it ends with ok
1 verbose cli [ '/usr/local/bin/node', '/usr/local/bin/npm', 'install', 'os' ]
2 info using npm@1.4.28
3 info using node@v0.10.35
4 warn package.json node-ip@0.1.0 No repository field.
5 verbose readDependencies using package.json deps
6 verbose cache add [ 'os', null ]
7 verbose cache add name=undefined spec="os" args=["os",null]
8 verbose parsed url { protocol: null,
8 verbose parsed url   slashes: null,
8 verbose parsed url   auth: null,
8 verbose parsed url   host: null,
8 verbose parsed url   port: null,
8 verbose parsed url   hostname: null,
8 verbose parsed url   hash: null,
8 verbose parsed url   search: null,
8 verbose parsed url   query: null,
8 verbose parsed url   pathname: 'os',
8 verbose parsed url   path: 'os',
8 verbose parsed url   href: 'os' }
9 silly lockFile 999a3419-os os
10 verbose lock os /Users/JoeCrawley/.npm/999a3419-os.lock
11 silly lockFile 999a3419-os os
12 silly lockFile 999a3419-os os
13 verbose addNamed [ 'os', '' ]
14 verbose addNamed [ null, '*' ]
15 silly lockFile 46c56d42-os os@
16 verbose lock os@ /Users/JoeCrawley/.npm/46c56d42-os.lock
17 silly addNameRange { name: 'os', range: '*', hasData: false }
18 verbose request where is /os
19 verbose request registry https://registry.npmjs.org/
20 verbose request id 4e9dece1323bffb0
21 verbose url raw /os
22 verbose url resolving [ 'https://registry.npmjs.org/', './os' ]
23 verbose url resolved https://registry.npmjs.org/os
24 verbose request where is https://registry.npmjs.org/os
25 info trying registry request attempt 1 at 23:38:33
26 http GET https://registry.npmjs.org/os
27 http 404 https://registry.npmjs.org/os
28 verbose headers { date: 'Sat, 10 Jan 2015 07:38:33 GMT',
28 verbose headers   server: 'CouchDB/1.5.0 (Erlang OTP/R16B03)',
28 verbose headers   'content-type': 'application/json',
28 verbose headers   'cache-control': 'max-age=0',
28 verbose headers   'content-length': '52',
28 verbose headers   'accept-ranges': 'bytes',
28 verbose headers   via: '1.1 varnish',
28 verbose headers   age: '0',
28 verbose headers   'x-served-by': 'cache-lax1433-LAX',
28 verbose headers   'x-cache': 'MISS',
28 verbose headers   'x-cache-hits': '0',
28 verbose headers   'x-timer': 'S1420875513.314048,VS0,VE43',
28 verbose headers   'keep-alive': 'timeout=10, max=50',
28 verbose headers   connection: 'Keep-Alive' }
29 silly registry.get cb [ 404,
29 silly registry.get   { date: 'Sat, 10 Jan 2015 07:38:33 GMT',
29 silly registry.get     server: 'CouchDB/1.5.0 (Erlang OTP/R16B03)',
29 silly registry.get     'content-type': 'application/json',
29 silly registry.get     'cache-control': 'max-age=0',
29 silly registry.get     'content-length': '52',
29 silly registry.get     'accept-ranges': 'bytes',
29 silly registry.get     via: '1.1 varnish',
29 silly registry.get     age: '0',
29 silly registry.get     'x-served-by': 'cache-lax1433-LAX',
29 silly registry.get     'x-cache': 'MISS',
29 silly registry.get     'x-cache-hits': '0',
29 silly registry.get     'x-timer': 'S1420875513.314048,VS0,VE43',
29 silly registry.get     'keep-alive': 'timeout=10, max=50',
29 silly registry.get     connection: 'Keep-Alive' } ]
30 silly lockFile 46c56d42-os os@
31 silly lockFile 46c56d42-os os@
32 error 404 404 Not Found: os
32 error 404
32 error 404 'os' is not in the npm registry.
32 error 404 You should bug the author to publish it
32 error 404 It was specified as a dependency of 'application-name'
32 error 404
32 error 404 Note that you can also install from a
32 error 404 tarball, folder, or http url, or git url.
33 error System Darwin 13.4.0
34 error command "/usr/local/bin/node" "/usr/local/bin/npm" "install" "os"
35 error cwd /Users/JoeCrawley/Documents/workspace/foodApp
36 error node -v v0.10.35
37 error npm -v 1.4.28
38 error code E404
39 verbose exit [ 1, true ]
